TCP_UDP/proguard/seeds.txt
com.yfm.pro.BaseActivity: BaseActivity()
com.yfm.pro.MainActivity
com.yfm.pro.MainActivity: MainActivity()
com.yfm.pro.R$color: int baise
com.yfm.pro.R$dimen: int activity_horizontal_margin
com.yfm.pro.R$dimen: int activity_vertical_margin
com.yfm.pro.R$drawable: int bg_btn_pressed
com.yfm.pro.R$drawable: int buttoncolor
com.yfm.pro.R$drawable: int buttonform
com.yfm.pro.R$drawable: int checkboxbutton
com.yfm.pro.R$drawable: int checkboxform
com.yfm.pro.R$drawable: int choosebak
com.yfm.pro.R$drawable: int choosecur
com.yfm.pro.R$drawable: int con_item
com.yfm.pro.R$drawable: int configa
com.yfm.pro.R$drawable: int cpt
com.yfm.pro.R$drawable: int cpton
com.yfm.pro.R$drawable: int false0
com.yfm.pro.R$drawable: int ic_launcher
com.yfm.pro.R$drawable: int layoutform
com.yfm.pro.R$drawable: int menu_debug
com.yfm.pro.R$drawable: int menu_syssettings
com.yfm.pro.R$drawable: int serveroff
com.yfm.pro.R$drawable: int serveron2
com.yfm.pro.R$drawable: int sort_bg_normal
com.yfm.pro.R$drawable: int sort_bg_press
com.yfm.pro.R$drawable: int tcpclient
com.yfm.pro.R$drawable: int tcpserver
com.yfm.pro.R$drawable: int textviewform
com.yfm.pro.R$drawable: int true1
com.yfm.pro.R$drawable: int udpclient
com.yfm.pro.R$drawable: int udpserver
com.yfm.pro.R$id: int FrameLayout1
com.yfm.pro.R$id: int LinearLayout01
com.yfm.pro.R$id: int LinearLayout02
com.yfm.pro.R$id: int LinearLayout03
com.yfm.pro.R$id: int LinearLayout1
com.yfm.pro.R$id: int TextView01
com.yfm.pro.R$id: int TextView02
com.yfm.pro.R$id: int TextView03
com.yfm.pro.R$id: int about
com.yfm.pro.R$id: int action_settings
com.yfm.pro.R$id: int adcon
com.yfm.pro.R$id: int add
com.yfm.pro.R$id: int adview
com.yfm.pro.R$id: int adviewcon
com.yfm.pro.R$id: int cancel
com.yfm.pro.R$id: int clear
com.yfm.pro.R$id: int close
com.yfm.pro.R$id: int closeapp
com.yfm.pro.R$id: int con
com.yfm.pro.R$id: int config
com.yfm.pro.R$id: int datagrid
com.yfm.pro.R$id: int delete
com.yfm.pro.R$id: int dingshi
com.yfm.pro.R$id: int dtime
com.yfm.pro.R$id: int duankai
com.yfm.pro.R$id: int fktype
com.yfm.pro.R$id: int huanhang
com.yfm.pro.R$id: int imageView1
com.yfm.pro.R$id: int imageView2
com.yfm.pro.R$id: int ip
com.yfm.pro.R$id: int ipport
com.yfm.pro.R$id: int mimg
com.yfm.pro.R$id: int minapp
com.yfm.pro.R$id: int mip
com.yfm.pro.R$id: int mport
com.yfm.pro.R$id: int peizhi
com.yfm.pro.R$id: int port
com.yfm.pro.R$id: int scrollView1
com.yfm.pro.R$id: int sendbut
com.yfm.pro.R$id: int sendcon
com.yfm.pro.R$id: int sendtype
com.yfm.pro.R$id: int showtype
com.yfm.pro.R$id: int start
com.yfm.pro.R$id: int state
com.yfm.pro.R$id: int tabimg
com.yfm.pro.R$id: int tableRow1
com.yfm.pro.R$id: int tableRow2
com.yfm.pro.R$id: int tabtext
com.yfm.pro.R$id: int textView1
com.yfm.pro.R$layout: int about
com.yfm.pro.R$layout: int activity_main
com.yfm.pro.R$layout: int activity_tcpclient
com.yfm.pro.R$layout: int activity_tcpitem
com.yfm.pro.R$layout: int activity_tcpserver
com.yfm.pro.R$layout: int activity_udpclient
com.yfm.pro.R$layout: int activity_udpserver
com.yfm.pro.R$layout: int exit
com.yfm.pro.R$layout: int menu
com.yfm.pro.R$layout: int tab_item
com.yfm.pro.R$layout: int tcpclient_config
com.yfm.pro.R$layout: int tcpclient_itemset
com.yfm.pro.R$layout: int tcpserver_config
com.yfm.pro.R$layout: int tcpserver_itemset
com.yfm.pro.R$menu: int main
com.yfm.pro.R$string: int action_settings
com.yfm.pro.R$string: int app_name
com.yfm.pro.R$string: int hello_world
com.yfm.pro.R$string: int lblog1
com.yfm.pro.R$string: int lblog2
com.yfm.pro.R$string: int lbmail
com.yfm.pro.R$string: int lbnet
com.yfm.pro.R$string: int lbtel
com.yfm.pro.R$style: int AppBaseTheme
com.yfm.pro.R$style: int AppTheme
com.yfm.pro.TCPclientFragment
com.yfm.pro.TCPclientFragment: TCPclientFragment()
com.yfm.pro.TCPserverFragment
com.yfm.pro.TCPserverFragment: TCPserverFragment()
com.yfm.pro.UDPclientFragment
com.yfm.pro.UDPclientFragment: UDPclientFragment()
...
org.apache.mina.core.session.IoEvent
org.apache.mina.core.session.IoEvent: org.apache.mina.core.session.IoEventType type
org.apache.mina.core.session.IoEvent: org.apache.mina.core.session.IoSession session
org.apache.mina.core.session.IoEvent: java.lang.Object parameter
org.apache.mina.core.session.IoEvent: IoEvent(org.apache.mina.core.session.IoEventType,org.apache.mina.core.session.IoSession,java.lang.Object)
org.apache.mina.core.session.IoEvent: org.apache.mina.core.session.IoEventType getType()
org.apache.mina.core.session.IoEvent: org.apache.mina.core.session.IoSession getSession()
org.apache.mina.core.session.IoEvent: java.lang.Object getParameter()
org.apache.mina.core.session.IoEvent: void run()
org.apache.mina.core.session.IoEvent: void fire()
org.apache.mina.core.session.IoEvent: java.lang.String toString()
org.apache.mina.core.session.IoEvent$1
org.apache.mina.core.session.IoEvent$1: int[] $SwitchMap$org$apache$mina$core$session$IoEventType
org.apache.mina.core.session.IoEvent$1: void <clinit>()
org.apache.mina.core.session.IoEventType
org.apache.mina.core.session.IoEventType: org.apache.mina.core.session.IoEventType SESSION_CREATED
org.apache.mina.core.session.IoEventType: org.apache.mina.core.session.IoEventType SESSION_OPENED
org.apache.mina.core.session.IoEventType: org.apache.mina.core.session.IoEventType SESSION_CLOSED
org.apache.mina.core.session.IoEventType: org.apache.mina.core.session.IoEventType MESSAGE_RECEIVED
org.apache.mina.core.session.IoEventType: org.apache.mina.core.session.IoEventType MESSAGE_SENT
org.apache.mina.core.session.IoEventType: org.apache.mina.core.session.IoEventType SESSION_IDLE
org.apache.mina.core.session.IoEventType: org.apache.mina.core.session.IoEventType EXCEPTION_CAUGHT
org.apache.mina.core.session.IoEventType: org.apache.mina.core.session.IoEventType WRITE
org.apache.mina.core.session.IoEventType: org.apache.mina.core.session.IoEventType CLOSE
org.apache.mina.core.session.IoEventType: org.apache.mina.core.session.IoEventType[] $VALUES
org.apache.mina.core.session.IoEventType: org.apache.mina.core.session.IoEventType[] values()
org.apache.mina.core.session.IoEventType: org.apache.mina.core.session.IoEventType valueOf(java.lang.String)
org.apache.mina.core.session.IoEventType: IoEventType(java.lang.String,int)
org.apache.mina.core.session.IoEventType: void <clinit>()
org.apache.mina.core.session.IoSession
org.apache.mina.core.session.IoSession: long getId()
org.apache.mina.core.session.IoSession: org.apache.mina.core.service.IoService getService()
org.apache.mina.core.session.IoSession: org.apache.mina.core.service.IoHandler getHandler()
org.apache.mina.core.session.IoSession: org.apache.mina.core.session.IoSessionConfig getConfig()
org.apache.mina.core.session.IoSession: org.apache.mina.core.filterchain.IoFilterChain getFilterChain()
org.apache.mina.core.session.IoSession: org.apache.mina.core.write.WriteRequestQueue getWriteRequestQueue()
org.apache.mina.core.session.IoSession: org.apache.mina.core.service.TransportMetadata getTransportMetadata()
org.apache.mina.core.session.IoSession: org.apache.mina.core.future.ReadFuture read()
org.apache.mina.core.session.IoSession: org.apache.mina.core.future.WriteFuture write(java.lang.Object)
org.apache.mina.core.session.IoSession: org.apache.mina.core.future.WriteFuture write(java.lang.Object,java.net.SocketAddress)
org.apache.mina.core.session.IoSession: org.apache.mina.core.future.CloseFuture close(boolean)
org.apache.mina.core.session.IoSession: org.apache.mina.core.future.CloseFuture close()
org.apache.mina.core.session.IoSession: java.lang.Object getAttachment()
org.apache.mina.core.session.IoSession: java.lang.Object setAttachment(java.lang.Object)
org.apache.mina.core.session.IoSession: java.lang.Object getAttribute(java.lang.Object)