TCP_UDP/proguard/mapping.txt
com.yfm.pro.BaseActivity -> com.yfm.pro.a:
    android.widget.LinearLayout peizhi -> c
    android.widget.LinearLayout about -> d
    android.app.Dialog menudialog -> a
    android.app.Dialog aboutdialog -> b
    boolean onCreateOptionsMenu(android.view.Menu) -> onCreateOptionsMenu
    void showmenuDialog() -> b
    void showabout() -> c
    void setpeizhi() -> a
    void access$0(com.yfm.pro.BaseActivity) -> a
com.yfm.pro.BaseActivity$OnClickListenerImpl -> com.yfm.pro.b:
    com.yfm.pro.BaseActivity this$0 -> a
    void onClick(android.view.View) -> onClick
com.yfm.pro.IoServiceListenerImpl -> com.yfm.pro.c:
    android.os.Handler handler -> a
    void serviceActivated(org.apache.mina.core.service.IoService) -> serviceActivated
    void serviceDeactivated(org.apache.mina.core.service.IoService) -> serviceDeactivated
    void serviceIdle(org.apache.mina.core.service.IoService,org.apache.mina.core.session.IdleStatus) -> serviceIdle
    void sessionCreated(org.apache.mina.core.session.IoSession) -> sessionCreated
    void sessionDestroyed(org.apache.mina.core.session.IoSession) -> sessionDestroyed
com.yfm.pro.MainActivity -> com.yfm.pro.MainActivity:
    android.app.Dialog dialog -> a
    android.widget.TabHost tabhost -> b
    void onBackPressed() -> onBackPressed
    void onCreate(android.os.Bundle) -> onCreate
    android.app.Dialog access$0(com.yfm.pro.MainActivity) -> a
com.yfm.pro.MainActivity$OnClickListenerImpl -> com.yfm.pro.d:
    com.yfm.pro.MainActivity this$0 -> a
    void onClick(android.view.View) -> onClick
com.yfm.pro.TCPclientFragment -> com.yfm.pro.TCPclientFragment:
    android.widget.TextView con -> c
    android.widget.EditText ip -> d
    android.widget.EditText port -> e
    android.widget.EditText sendcon -> f
    android.widget.EditText dtime -> g
    android.widget.Button sendbut -> h
    android.view.View$OnClickListener onclick -> i
    android.app.Dialog dialog -> j
    android.app.Dialog setdialog -> k
    android.view.View view -> l
    android.view.View setview -> m
    android.widget.LinearLayout config -> n
    java.util.List lcon -> o
    com.yfm.adapter.TcpclientAdapter adapter -> p
    android.widget.GridView datagird -> q
    com.yfm.pojo.TcpConnectClient currclient -> r
    org.apache.mina.core.service.IoHandlerAdapter iohandler -> s
    android.os.Handler handler -> t
    void setpeizhi() -> a
    void onBackPressed() -> onBackPressed
    void onCreate(android.os.Bundle) -> onCreate
    void showset() -> c
    void showConfig() -> d
    com.yfm.pojo.TcpConnectClient getClient(org.apache.mina.core.session.IoSession) -> a
    java.lang.String getLocalIpAddress() -> b
    com.yfm.adapter.TcpclientAdapter access$0(com.yfm.pro.TCPclientFragment) -> a
    android.widget.TextView access$1(com.yfm.pro.TCPclientFragment) -> b
    void access$2(com.yfm.pro.TCPclientFragment) -> c
    android.widget.EditText access$3(com.yfm.pro.TCPclientFragment) -> d
    android.os.Handler access$4(com.yfm.pro.TCPclientFragment) -> e
com.yfm.pro.TCPclientFragment$1 -> com.yfm.pro.e:
    com.yfm.pro.TCPclientFragment this$0 -> a
    void handleMessage(android.os.Message) -> handleMessage
com.yfm.pro.TCPclientFragment$IoHandlerAdapterImpl -> com.yfm.pro.f:
    com.yfm.pro.TCPclientFragment this$0 -> a
    void messageSent(org.apache.mina.core.session.IoSession,java.lang.Object) -> messageSent
    void sessionClosed(org.apache.mina.core.session.IoSession) -> sessionClosed
    void sessionCreated(org.apache.mina.core.session.IoSession) -> sessionCreated
    void exceptionCaught(org.apache.mina.core.session.IoSession,java.lang.Throwable) -> exceptionCaught
    void messageReceived(org.apache.mina.core.session.IoSession,java.lang.Object) -> messageReceived
...
org.apache.mina.filter.reqres.Response -> org.apache.mina.filter.reqres.Response:
    org.apache.mina.filter.reqres.Request request -> request
    org.apache.mina.filter.reqres.ResponseType type -> type
    java.lang.Object message -> message
    org.apache.mina.filter.reqres.Request getRequest() -> getRequest
    org.apache.mina.filter.reqres.ResponseType getType() -> getType
    java.lang.Object getMessage() -> getMessage
    int hashCode() -> hashCode
    boolean equals(java.lang.Object) -> equals
    java.lang.String toString() -> toString
org.apache.mina.filter.reqres.ResponseInspector -> org.apache.mina.filter.reqres.ResponseInspector:
    java.lang.Object getRequestId(java.lang.Object) -> getRequestId
    org.apache.mina.filter.reqres.ResponseType getResponseType(java.lang.Object) -> getResponseType
org.apache.mina.filter.reqres.ResponseInspectorFactory -> org.apache.mina.filter.reqres.ResponseInspectorFactory:
    org.apache.mina.filter.reqres.ResponseInspector getResponseInspector() -> getResponseInspector
org.apache.mina.filter.reqres.ResponseType -> org.apache.mina.filter.reqres.ResponseType:
    org.apache.mina.filter.reqres.ResponseType WHOLE -> WHOLE
    org.apache.mina.filter.reqres.ResponseType PARTIAL -> PARTIAL
    org.apache.mina.filter.reqres.ResponseType PARTIAL_LAST -> PARTIAL_LAST
    org.apache.mina.filter.reqres.ResponseType[] $VALUES -> $VALUES
    org.apache.mina.filter.reqres.ResponseType[] values() -> values
    org.apache.mina.filter.reqres.ResponseType valueOf(java.lang.String) -> valueOf
org.apache.mina.filter.ssl.BogusTrustManagerFactory -> org.apache.mina.filter.ssl.BogusTrustManagerFactory:
    javax.net.ssl.X509TrustManager X509 -> X509
    javax.net.ssl.TrustManager[] X509_MANAGERS -> X509_MANAGERS
    javax.net.ssl.TrustManager[] access$100() -> access$100
org.apache.mina.filter.ssl.BogusTrustManagerFactory$1 -> org.apache.mina.filter.ssl.BogusTrustManagerFactory$1:
    long serialVersionUID -> serialVersionUID
org.apache.mina.filter.ssl.BogusTrustManagerFactory$2 -> org.apache.mina.filter.ssl.BogusTrustManagerFactory$2:
    void checkClientTrusted(java.security.cert.X509Certificate[],java.lang.String) -> checkClientTrusted
    void checkServerTrusted(java.security.cert.X509Certificate[],java.lang.String) -> checkServerTrusted
    java.security.cert.X509Certificate[] getAcceptedIssuers() -> getAcceptedIssuers
org.apache.mina.filter.ssl.BogusTrustManagerFactory$BogusTrustManagerFactorySpi -> org.apache.mina.filter.ssl.BogusTrustManagerFactory$BogusTrustManagerFactorySpi:
    javax.net.ssl.TrustManager[] engineGetTrustManagers() -> engineGetTrustManagers
    void engineInit(java.security.KeyStore) -> engineInit
    void engineInit(javax.net.ssl.ManagerFactoryParameters) -> engineInit
org.apache.mina.filter.ssl.KeyStoreFactory -> org.apache.mina.filter.ssl.KeyStoreFactory:
    java.lang.String type -> type
    java.lang.String provider -> provider
    char[] password -> password
    byte[] data -> data
    java.security.KeyStore newInstance() -> newInstance
    void setType(java.lang.String) -> setType
    void setPassword(java.lang.String) -> setPassword
    void setProvider(java.lang.String) -> setProvider
    void setData(byte[]) -> setData
    void setData(java.io.InputStream) -> setData
    void setDataFile(java.io.File) -> setDataFile
    void setDataUrl(java.net.URL) -> setDataUrl