TCP_UDP/proguard/usage.txt
com.yfm.pro.BuildConfig
com.yfm.pro.R
com.yfm.pro.R$attr
com.yfm.pro.R$color
com.yfm.pro.R$dimen
com.yfm.pro.R$drawable
com.yfm.pro.R$id
com.yfm.pro.R$layout
com.yfm.pro.R$menu
com.yfm.pro.R$string
com.yfm.pro.R$style
com.yfm.pro.Utils:
    11:11:public Utils()
...
android.support.v4.view.KeyEventCompatEclair:
    23:23:KeyEventCompatEclair()
android.support.v4.view.KeyEventCompatHoneycomb:
    24:24:KeyEventCompatHoneycomb()
android.support.v4.view.MarginLayoutParamsCompatJellybeanMr1:
    22:22:MarginLayoutParamsCompatJellybeanMr1()
android.support.v4.view.MenuItemCompatHoneycomb:
    25:25:MenuItemCompatHoneycomb()
android.support.v4.view.MenuItemCompatIcs:
    22:51:MenuItemCompatIcs()
android.support.v4.view.MotionEventCompatEclair:
    24:24:MotionEventCompatEclair()
android.support.v4.view.PagerTitleStripIcs:
    26:31:PagerTitleStripIcs()
android.support.v4.view.PagerTitleStripIcs$SingleLineAllCapsTransform:
    private static final java.lang.String TAG
android.support.v4.view.VelocityTrackerCompatHoneycomb:
    24:24:VelocityTrackerCompatHoneycomb()
android.support.v4.view.ViewCompatEclairMr1:
    22:22:ViewCompatEclairMr1()
android.support.v4.view.ViewCompatGingerbread:
    21:21:ViewCompatGingerbread()
android.support.v4.view.ViewCompatHC:
    23:23:ViewCompatHC()
android.support.v4.view.ViewCompatICS:
    27:27:ViewCompatICS()
android.support.v4.view.ViewCompatJB:
    26:26:ViewCompatJB()
android.support.v4.view.ViewCompatJellybeanMr1:
    25:25:ViewCompatJellybeanMr1()
android.support.v4.view.ViewConfigurationCompatFroyo:
    24:24:ViewConfigurationCompatFroyo()
android.support.v4.view.ViewGroupCompatHC:
    23:24:private ViewGroupCompatHC()
android.support.v4.view.ViewGroupCompatIcs:
    26:26:ViewGroupCompatIcs()
android.support.v4.view.accessibility.AccessibilityEventCompatIcs:
    25:25:AccessibilityEventCompatIcs()
android.support.v4.view.accessibility.AccessibilityManagerCompatIcs:
    28:30:AccessibilityManagerCompatIcs()
android.support.v4.view.accessibility.AccessibilityNodeInfoCompatIcs:
    28:28:AccessibilityNodeInfoCompatIcs()
android.support.v4.view.accessibility.AccessibilityNodeInfoCompatJellyBean:
    26:26:AccessibilityNodeInfoCompatJellyBean()
android.support.v4.view.accessibility.AccessibilityNodeInfoCompatJellybeanMr2:
    21:21:AccessibilityNodeInfoCompatJellybeanMr2()
android.support.v4.view.accessibility.AccessibilityNodeProviderCompatJellyBean:
    28:29:AccessibilityNodeProviderCompatJellyBean()
android.support.v4.view.accessibility.AccessibilityRecordCompatIcs:
    28:28:AccessibilityRecordCompatIcs()
android.support.v4.view.accessibility.AccessibilityRecordCompatIcsMr1:
    24:24:AccessibilityRecordCompatIcsMr1()
android.support.v4.view.accessibility.AccessibilityRecordCompatJellyBean:
    25:25:AccessibilityRecordCompatJellyBean()
android.support.v4.widget.EdgeEffectCompatIcs:
    28:28:EdgeEffectCompatIcs()
android.support.v4.widget.ScrollerCompatGingerbread:
    24:24:ScrollerCompatGingerbread()
android.support.v4.widget.ScrollerCompatIcs:
    24:24:ScrollerCompatIcs()
android.support.v4.widget.SearchViewCompatHoneycomb:
    30:37:SearchViewCompatHoneycomb()
android.support.v4.widget.SearchViewCompatIcs:
    26:28:SearchViewCompatIcs()
com.yfm.pojo.TcpConnectClient:
    private int imgid
    private java.lang.String state
    private org.apache.mina.core.service.IoHandlerAdapter iohandler
    private android.widget.TextView showtext
    55:56:public void setSb(java.lang.StringBuffer)
    105:105:public int getImgid()
    109:110:public void setShowtext(android.widget.TextView)
    121:121:public org.apache.mina.core.service.IoHandlerAdapter getIohandler()
    133:134:public void setImgid(int)
    145:145:public java.lang.String getState()
    149:150:public void setState(java.lang.String)
    169:169:public android.widget.TextView getShowtext()